0 info it worked if it ends with ok
1 verbose cli [ 'C:\\Program Files\\nodejs\\node.exe',
1 verbose cli   'C:\\Program Files\\nodejs\\node_modules\\npm\\bin\\npm-cli.js',
1 verbose cli   'run',
1 verbose cli   'watch' ]
2 info using npm@2.15.9
3 info using node@v4.6.0
4 verbose stack Error: Failed to parse json
4 verbose stack Unexpected token '/' at 6:1
4 verbose stack //    "start": "DEBUG=generated:* PORT=3002 nodemon ./bin/www",
4 verbose stack ^
4 verbose stack     at parseError (C:\Program Files\nodejs\node_modules\npm\node_modules\read-package-json\read-json.js:390:11)
4 verbose stack     at parseJson (C:\Program Files\nodejs\node_modules\npm\node_modules\read-package-json\read-json.js:79:23)
4 verbose stack     at C:\Program Files\nodejs\node_modules\npm\node_modules\read-package-json\read-json.js:48:5
4 verbose stack     at C:\Program Files\nodejs\node_modules\npm\node_modules\graceful-fs\graceful-fs.js:78:16
4 verbose stack     at FSReqWrap.readFileAfterClose [as oncomplete] (fs.js:380:3)
5 verbose cwd D:\Users\Windows\Documents\Bootcamp\09 Node\Practica
6 error Windows_NT 10.0.14393
7 error argv "C:\\Program Files\\nodejs\\node.exe" "C:\\Program Files\\nodejs\\node_modules\\npm\\bin\\npm-cli.js" "run" "watch"
8 error node v4.6.0
9 error npm  v2.15.9
10 error file D:\Users\Windows\Documents\Bootcamp\09 Node\Practica\package.json
11 error code EJSONPARSE
12 error Failed to parse json
12 error Unexpected token '/' at 6:1
12 error //    "start": "DEBUG=generated:* PORT=3002 nodemon ./bin/www",
12 error ^
13 error File: D:\Users\Windows\Documents\Bootcamp\09 Node\Practica\package.json
14 error Failed to parse package.json data.
14 error package.json must be actual JSON, not just JavaScript.
14 error
14 error This is not a bug in npm.
14 error Tell the package author to fix their package.json file. JSON.parse
15 verbose exit [ 1, true ]
